2025-09-20 23:54:48,851 - INFO - Use pytorch device_name: cpu
2025-09-20 23:54:48,851 - INFO - Load pretrained SentenceTransformer: all-MiniLM-L6-v2
2025-09-20 23:54:52,739 - WARNING - Xet Storage is enabled for this repo, but the 'hf_xet' package is not installed. Falling back to regular HTTP download. For better performance, install the package with: `pip install huggingface_hub[hf_xet]` or `pip install hf_xet`
2025-09-20 23:55:21,183 - INFO - Use pytorch device_name: cpu
2025-09-20 23:55:21,183 - INFO - Load pretrained SentenceTransformer: all-MiniLM-L6-v2
2025-09-20 23:55:25,300 - INFO - Use pytorch device_name: cpu
2025-09-20 23:55:25,300 - INFO - Load pretrained SentenceTransformer: all-MiniLM-L6-v2
2025-09-21 16:33:45,003 - INFO - Load pretrained SentenceTransformer: all-MiniLM-L6-v2
2025-09-21 16:33:48,553 - INFO - Use pytorch device_name: cpu
2025-09-21 16:33:48,831 - INFO - Load pretrained SentenceTransformer: all-MiniLM-L6-v2
2025-09-21 16:33:51,539 - INFO - Use pytorch device_name: cpu
2025-09-21 16:33:51,806 - INFO - Load pretrained SentenceTransformer: all-MiniLM-L6-v2
2025-09-21 16:33:54,512 - INFO - Use pytorch device_name: cpu
2025-09-21 16:33:54,787 - INFO - Load pretrained SentenceTransformer: all-MiniLM-L6-v2
2025-09-21 16:33:57,505 - INFO - Use pytorch device_name: cpu
2025-09-21 16:33:57,774 - INFO - Load pretrained SentenceTransformer: all-MiniLM-L6-v2
2025-09-21 16:34:00,580 - INFO - Use pytorch device_name: cpu
2025-09-21 20:57:52,880 - INFO - Load pretrained SentenceTransformer: all-MiniLM-L6-v2
2025-09-21 20:58:08,232 - INFO - Use pytorch device_name: cpu
2025-09-21 20:59:29,244 - INFO - Load pretrained SentenceTransformer: all-MiniLM-L6-v2
2025-09-21 20:59:39,742 - INFO - Use pytorch device_name: cpu
2025-09-21 21:01:27,901 - INFO - Load pretrained SentenceTransformer: all-MiniLM-L6-v2
2025-09-21 21:01:40,524 - INFO - Use pytorch device_name: cpu
2025-09-21 21:23:45,785 - INFO - Load pretrained SentenceTransformer: all-MiniLM-L6-v2
2025-09-21 21:23:59,579 - INFO - Use pytorch device_name: cpu
2025-09-21 21:28:24,376 - INFO - Load pretrained SentenceTransformer: all-MiniLM-L6-v2
2025-09-21 21:28:37,048 - INFO - Use pytorch device_name: cpu
2025-09-21 21:47:17,690 - INFO - Load pretrained SentenceTransformer: all-MiniLM-L6-v2
2025-09-21 21:47:27,952 - INFO - Use pytorch device_name: cpu
2025-10-01 20:48:42,128 - INFO -  Loading local embedding model: all-MiniLM-L6-v2
2025-10-01 20:48:42,131 - INFO - Load pretrained SentenceTransformer: all-MiniLM-L6-v2
2025-10-01 20:48:47,368 - INFO - Use pytorch device_name: cpu
2025-10-01 20:48:47,368 - INFO -  Model loaded successfully (dimension: 384)
2025-10-01 20:48:47,755 - INFO -  Local embedding model working correctly
2025-10-01 21:20:47,779 - INFO -  Loading local embedding model: all-MiniLM-L6-v2
2025-10-01 21:20:47,779 - INFO - Load pretrained SentenceTransformer: all-MiniLM-L6-v2
2025-10-01 21:20:52,934 - INFO - Use pytorch device_name: cpu
2025-10-01 21:20:52,936 - INFO -  Model loaded successfully (dimension: 384)
2025-10-01 21:20:53,245 - INFO -  Local embedding model working correctly
2025-10-01 21:25:42,798 - INFO -  Loading local embedding model: all-MiniLM-L6-v2
2025-10-01 21:25:42,798 - INFO - Load pretrained SentenceTransformer: all-MiniLM-L6-v2
2025-10-01 21:25:48,377 - INFO - Use pytorch device_name: cpu
2025-10-01 21:25:48,377 - INFO -  Model loaded successfully (dimension: 384)
2025-10-01 21:25:48,727 - INFO -  Local embedding model working correctly
2025-10-01 21:47:51,824 - INFO -  Loading local embedding model: all-MiniLM-L6-v2
2025-10-01 21:47:51,828 - INFO - Load pretrained SentenceTransformer: all-MiniLM-L6-v2
2025-10-01 21:47:58,400 - INFO - Use pytorch device_name: cpu
2025-10-01 21:47:58,400 - INFO -  Model loaded successfully (dimension: 384)
2025-10-01 21:47:58,772 - INFO -  Local embedding model working correctly
2025-10-01 22:02:56,240 - INFO -  Loading local embedding model: all-MiniLM-L6-v2
2025-10-01 22:02:56,240 - INFO - Load pretrained SentenceTransformer: all-MiniLM-L6-v2
2025-10-01 22:03:00,277 - INFO - Use pytorch device_name: cpu
2025-10-01 22:03:00,278 - INFO -  Model loaded successfully (dimension: 384)
2025-10-01 22:03:00,429 - INFO -  Local embedding model working correctly
