2025-09-20 23:00:11,927 - INFO - ==================================================
2025-09-20 23:00:11,933 - INFO - Total files found: 13
2025-09-20 23:00:11,933 - INFO - Successfully processed: 11
2025-09-20 23:00:11,933 - INFO - Failed to process: 2
2025-09-20 23:00:11,933 - INFO - Success rate: 84.6%
2025-09-20 23:00:11,933 - INFO - Total characters extracted: 1,189,009
2025-09-20 23:00:11,933 - INFO - Average characters per document: 108,091
2025-09-20 23:00:11,938 - WARNING -   - budget.pdf: Unknown error
2025-09-20 23:00:11,941 - WARNING -   - service_statutes_2006.pdf: Unknown error
2025-10-01 19:10:45,557 - INFO - ==================================================
2025-10-01 19:10:45,560 - INFO - Total files found: 13
2025-10-01 19:10:45,560 - INFO - Successfully processed: 11
2025-10-01 19:10:45,560 - INFO - Failed to process: 2
2025-10-01 19:10:45,560 - INFO - Success rate: 84.6%
2025-10-01 19:10:45,560 - INFO - Total characters extracted: 1,189,009
2025-10-01 19:10:45,560 - INFO - Average characters per document: 108,091
2025-10-01 19:10:45,560 - WARNING -   - budget.pdf: Unknown error
2025-10-01 19:10:45,560 - WARNING -   - service_statutes_2006.pdf: Unknown error
2025-10-01 19:12:11,259 - INFO - ==================================================
2025-10-01 19:12:11,259 - INFO - Total files found: 13
2025-10-01 19:12:11,259 - INFO - Successfully processed: 11
2025-10-01 19:12:11,259 - INFO - Failed to process: 2
2025-10-01 19:12:11,259 - INFO - Success rate: 84.6%
2025-10-01 19:12:11,259 - INFO - Total characters extracted: 1,189,009
2025-10-01 19:12:11,259 - INFO - Average characters per document: 108,091
2025-10-01 19:12:11,260 - WARNING -   - budget.pdf: Unknown error
2025-10-01 19:12:11,260 - WARNING -   - service_statutes_2006.pdf: Unknown error
2025-10-01 19:43:22,395 - INFO - ==================================================
2025-10-01 19:43:22,397 - INFO - Total files found: 13
2025-10-01 19:43:22,397 - INFO - Successfully processed: 11
2025-10-01 19:43:22,397 - INFO - Failed to process: 2
2025-10-01 19:43:22,397 - INFO - Success rate: 84.6%
2025-10-01 19:43:22,397 - INFO - Total characters extracted: 1,189,882
2025-10-01 19:43:22,398 - INFO - Average characters per document: 108,171
2025-10-01 19:43:22,400 - WARNING -   - budget.pdf: Unknown error
2025-10-01 19:43:22,400 - WARNING -   - service_statutes_2006.pdf: Unknown error
2025-10-01 20:16:17,672 - INFO - ==================================================
2025-10-01 20:16:17,672 - INFO - Total files found: 13
2025-10-01 20:16:17,672 - INFO - Successfully processed: 10
2025-10-01 20:16:17,672 - INFO - Failed to process: 3
2025-10-01 20:16:17,674 - INFO - Success rate: 76.9%
2025-10-01 20:16:17,674 - INFO - Total characters extracted: 407,558
2025-10-01 20:16:17,674 - INFO - Average characters per document: 40,755
2025-10-01 20:16:17,674 - WARNING -   - budget.pdf: Unknown error
2025-10-01 20:16:17,674 - WARNING -   - service_statutes_2006.pdf: Unknown error
2025-10-01 20:16:17,674 - WARNING -   - UOS-Prospectus-2025.pdf: Error reading PDF data\pdfs\UOS-Prospectus-2025.pdf: EOF marker not found
2025-10-01 20:44:51,781 - INFO -  Starting document processing...
2025-10-01 20:44:51,781 - INFO -  Found 10 PDF files
2025-10-01 20:44:51,898 - INFO -  Processing PDF: Academic-Programs-Eligibilities-and-Terminal-Degrees.pdf (46 pages)
2025-10-01 20:44:56,767 - INFO -  PDF processed: 46/46 pages, 92480 chars
2025-10-01 20:44:56,767 - INFO -  Processed: Academic-Programs-Eligibilities-and-Terminal-Degrees.pdf
2025-10-01 20:44:56,789 - INFO -  Processing PDF: budget.pdf (4 pages)
2025-10-01 20:44:56,789 - INFO -  PDF processed: 0/4 pages, 0 chars
2025-10-01 20:44:56,789 - ERROR -  Failed: budget.pdf
2025-10-01 20:44:56,819 - INFO -  Processing PDF: FeeStructure-Fall2025.pdf (8 pages)
2025-10-01 20:44:58,192 - INFO -  PDF processed: 8/8 pages, 30962 chars
2025-10-01 20:44:58,192 - INFO -  Processed: FeeStructure-Fall2025.pdf
2025-10-01 20:44:58,224 - INFO -  Processing PDF: Guidelines20for20Applicants20E2809320Admission20Fall202023202_1692578994.pdf (3 pages)
2025-10-01 20:44:58,402 - INFO -  PDF processed: 3/3 pages, 3203 chars
2025-10-01 20:44:58,402 - INFO -  Processed: Guidelines20for20Applicants20E2809320Admission20Fall202023202_1692578994.pdf
2025-10-01 20:44:58,446 - INFO -  Processing PDF: MSMScHonsMPhilPhDRules-2020.pdf (20 pages)
2025-10-01 20:45:00,056 - INFO -  PDF processed: 20/20 pages, 52524 chars
2025-10-01 20:45:00,056 - INFO -  Processed: MSMScHonsMPhilPhDRules-2020.pdf
2025-10-01 20:45:00,415 - INFO -  Processing PDF: Policy20for20Students20with20Disabilities202021-20Amended.pdf (15 pages)
2025-10-01 20:45:01,305 - INFO -  PDF processed: 15/15 pages, 32450 chars
2025-10-01 20:45:01,310 - INFO -  Processed: Policy20for20Students20with20Disabilities202021-20Amended.pdf
2025-10-01 20:45:01,331 - INFO -  Processing PDF: political_map_pakistan.pdf (1 pages)
2025-10-01 20:45:03,838 - INFO -  PDF processed: 1/1 pages, 2667 chars
2025-10-01 20:45:03,838 - INFO -  Processed: political_map_pakistan.pdf
2025-10-01 20:45:03,891 - INFO -  Processing PDF: service_statutes_2006.pdf (52 pages)
2025-10-01 20:45:03,934 - INFO -  PDF processed: 0/52 pages, 0 chars
2025-10-01 20:45:03,934 - ERROR -  Failed: service_statutes_2006.pdf
2025-10-01 20:45:03,965 - INFO -  Processing PDF: The_University_of_Sargodha_Ordinance_2002.pdf (20 pages)
2025-10-01 20:45:05,776 - INFO -  PDF processed: 20/20 pages, 74057 chars
2025-10-01 20:45:05,776 - INFO -  Processed: The_University_of_Sargodha_Ordinance_2002.pdf
2025-10-01 20:45:05,941 - INFO -  Processing PDF: UOS-Prospectus-2025.pdf (256 pages)
2025-10-01 20:45:26,434 - INFO -  PDF processed: 256/256 pages, 782324 chars
2025-10-01 20:45:26,434 - INFO -  Processed: UOS-Prospectus-2025.pdf
2025-10-01 20:45:26,434 - INFO -  Found 3 TXT files
2025-10-01 20:45:26,451 - INFO -  TXT processed: rules_academics.txt (3096 chars)
2025-10-01 20:45:26,451 - INFO -  Processed: rules_academics.txt
2025-10-01 20:45:26,481 - INFO -  TXT processed: rules_admissions.txt (3096 chars)
2025-10-01 20:45:26,481 - INFO -  Processed: rules_admissions.txt
2025-10-01 20:45:26,520 - INFO -  TXT processed: rules_Rules-and-Regulations.txt (113023 chars)
2025-10-01 20:45:26,520 - INFO -  Processed: rules_Rules-and-Regulations.txt
2025-10-01 20:45:26,520 - INFO -  Creating combined document...
2025-10-01 20:45:26,529 - INFO -  Combined document created: 1195573 characters
2025-10-01 20:45:26,531 - INFO -  Combined document saved: data\processed\university_rules_combined.txt
2025-10-01 20:45:26,564 - INFO -  Metadata saved: data\processed\processing_metadata.json
2025-10-01 20:45:26,564 - INFO - 
 PROCESSING STATISTICS
2025-10-01 20:45:26,564 - INFO - ==================================================
2025-10-01 20:45:26,564 - INFO - Total files found: 13
2025-10-01 20:45:26,564 - INFO - Successfully processed: 11
2025-10-01 20:45:26,568 - INFO - Failed to process: 2
2025-10-01 20:45:26,568 - INFO - Success rate: 84.6%
2025-10-01 20:45:26,568 - INFO - Total characters extracted: 1,189,882
2025-10-01 20:45:26,568 - INFO - Average characters per document: 108,171
2025-10-01 20:45:26,568 - WARNING - 
  PROCESSING ERRORS (2):
2025-10-01 20:45:26,568 - WARNING -   - budget.pdf: Unknown error
2025-10-01 20:45:26,568 - WARNING -   - service_statutes_2006.pdf: Unknown error
2025-10-01 20:56:58,756 - INFO -  Starting document processing...
2025-10-01 20:56:58,756 - INFO -  Found 10 PDF files
2025-10-01 20:56:58,893 - INFO -  Processing PDF: Academic-Programs-Eligibilities-and-Terminal-Degrees.pdf (46 pages)
2025-10-01 20:57:03,581 - INFO -  PDF processed: 46/46 pages, 92480 chars
2025-10-01 20:57:03,581 - INFO -  Processed: Academic-Programs-Eligibilities-and-Terminal-Degrees.pdf
2025-10-01 20:57:03,597 - INFO -  Processing PDF: budget.pdf (4 pages)
2025-10-01 20:57:03,604 - INFO -  PDF processed: 0/4 pages, 0 chars
2025-10-01 20:57:03,604 - ERROR -  Failed: budget.pdf
2025-10-01 20:57:03,632 - INFO -  Processing PDF: FeeStructure-Fall2025.pdf (8 pages)
2025-10-01 20:57:05,057 - INFO -  PDF processed: 8/8 pages, 30962 chars
2025-10-01 20:57:05,057 - INFO -  Processed: FeeStructure-Fall2025.pdf
2025-10-01 20:57:05,090 - INFO -  Processing PDF: Guidelines20for20Applicants20E2809320Admission20Fall202023202_1692578994.pdf (3 pages)
2025-10-01 20:57:05,287 - INFO -  PDF processed: 3/3 pages, 3203 chars
2025-10-01 20:57:05,287 - INFO -  Processed: Guidelines20for20Applicants20E2809320Admission20Fall202023202_1692578994.pdf
2025-10-01 20:57:05,318 - INFO -  Processing PDF: MSMScHonsMPhilPhDRules-2020.pdf (20 pages)
2025-10-01 20:57:06,500 - INFO -  PDF processed: 20/20 pages, 52524 chars
2025-10-01 20:57:06,500 - INFO -  Processed: MSMScHonsMPhilPhDRules-2020.pdf
2025-10-01 20:57:06,728 - INFO -  Processing PDF: Policy20for20Students20with20Disabilities202021-20Amended.pdf (15 pages)
2025-10-01 20:57:07,104 - INFO -  PDF processed: 15/15 pages, 32450 chars
2025-10-01 20:57:07,104 - INFO -  Processed: Policy20for20Students20with20Disabilities202021-20Amended.pdf
2025-10-01 20:57:07,120 - INFO -  Processing PDF: political_map_pakistan.pdf (1 pages)
2025-10-01 20:57:08,079 - INFO -  PDF processed: 1/1 pages, 2667 chars
2025-10-01 20:57:08,081 - INFO -  Processed: political_map_pakistan.pdf
2025-10-01 20:57:08,097 - INFO -  Processing PDF: service_statutes_2006.pdf (52 pages)
2025-10-01 20:57:08,115 - INFO -  PDF processed: 0/52 pages, 0 chars
2025-10-01 20:57:08,115 - ERROR -  Failed: service_statutes_2006.pdf
2025-10-01 20:57:08,135 - INFO -  Processing PDF: The_University_of_Sargodha_Ordinance_2002.pdf (20 pages)
2025-10-01 20:57:08,816 - INFO -  PDF processed: 20/20 pages, 74057 chars
2025-10-01 20:57:08,816 - INFO -  Processed: The_University_of_Sargodha_Ordinance_2002.pdf
2025-10-01 20:57:08,899 - INFO -  Processing PDF: UOS-Prospectus-2025.pdf (256 pages)
2025-10-01 20:57:28,959 - INFO -  PDF processed: 256/256 pages, 782324 chars
2025-10-01 20:57:28,959 - INFO -  Processed: UOS-Prospectus-2025.pdf
2025-10-01 20:57:28,960 - INFO -  Found 3 TXT files
2025-10-01 20:57:28,974 - INFO -  TXT processed: rules_academics.txt (3096 chars)
2025-10-01 20:57:28,974 - INFO -  Processed: rules_academics.txt
2025-10-01 20:57:29,006 - INFO -  TXT processed: rules_admissions.txt (3096 chars)
2025-10-01 20:57:29,006 - INFO -  Processed: rules_admissions.txt
2025-10-01 20:57:29,049 - INFO -  TXT processed: rules_Rules-and-Regulations.txt (113023 chars)
2025-10-01 20:57:29,049 - INFO -  Processed: rules_Rules-and-Regulations.txt
2025-10-01 20:57:29,049 - INFO -  Creating combined document...
2025-10-01 20:57:29,058 - INFO -  Combined document created: 1195573 characters
2025-10-01 20:57:29,073 - INFO -  Combined document saved: data\processed\university_rules_combined.txt
2025-10-01 20:57:29,092 - INFO -  Metadata saved: data\processed\processing_metadata.json
2025-10-01 20:57:29,092 - INFO - 
 PROCESSING STATISTICS
2025-10-01 20:57:29,092 - INFO - ==================================================
2025-10-01 20:57:29,092 - INFO - Total files found: 13
2025-10-01 20:57:29,092 - INFO - Successfully processed: 11
2025-10-01 20:57:29,092 - INFO - Failed to process: 2
2025-10-01 20:57:29,092 - INFO - Success rate: 84.6%
2025-10-01 20:57:29,100 - INFO - Total characters extracted: 1,189,882
2025-10-01 20:57:29,100 - INFO - Average characters per document: 108,171
2025-10-01 20:57:29,100 - WARNING - 
  PROCESSING ERRORS (2):
2025-10-01 20:57:29,100 - WARNING -   - budget.pdf: Unknown error
2025-10-01 20:57:29,100 - WARNING -   - service_statutes_2006.pdf: Unknown error
2025-10-01 21:17:13,422 - INFO -  Starting document processing...
2025-10-01 21:17:13,422 - INFO -  Found 10 PDF files
2025-10-01 21:17:13,536 - INFO -  Processing PDF: Academic-Programs-Eligibilities-and-Terminal-Degrees.pdf (46 pages)
2025-10-01 21:17:18,105 - INFO -  PDF processed: 46/46 pages, 92480 chars
2025-10-01 21:17:18,105 - INFO -  Processed: Academic-Programs-Eligibilities-and-Terminal-Degrees.pdf
2025-10-01 21:17:18,130 - INFO -  Processing PDF: budget.pdf (4 pages)
2025-10-01 21:17:18,134 - INFO -  PDF processed: 0/4 pages, 0 chars
2025-10-01 21:17:18,134 - ERROR -  Failed: budget.pdf
2025-10-01 21:17:18,159 - INFO -  Processing PDF: FeeStructure-Fall2025.pdf (8 pages)
2025-10-01 21:17:19,525 - INFO -  PDF processed: 8/8 pages, 30962 chars
2025-10-01 21:17:19,525 - INFO -  Processed: FeeStructure-Fall2025.pdf
2025-10-01 21:17:19,567 - INFO -  Processing PDF: Guidelines20for20Applicants20E2809320Admission20Fall202023202_1692578994.pdf (3 pages)
2025-10-01 21:17:19,774 - INFO -  PDF processed: 3/3 pages, 3203 chars
2025-10-01 21:17:19,774 - INFO -  Processed: Guidelines20for20Applicants20E2809320Admission20Fall202023202_1692578994.pdf
2025-10-01 21:17:19,826 - INFO -  Processing PDF: MSMScHonsMPhilPhDRules-2020.pdf (20 pages)
2025-10-01 21:17:21,376 - INFO -  PDF processed: 20/20 pages, 52524 chars
2025-10-01 21:17:21,376 - INFO -  Processed: MSMScHonsMPhilPhDRules-2020.pdf
2025-10-01 21:17:21,775 - INFO -  Processing PDF: Policy20for20Students20with20Disabilities202021-20Amended.pdf (15 pages)
2025-10-01 21:17:22,694 - INFO -  PDF processed: 15/15 pages, 32450 chars
2025-10-01 21:17:22,694 - INFO -  Processed: Policy20for20Students20with20Disabilities202021-20Amended.pdf
2025-10-01 21:17:22,720 - INFO -  Processing PDF: political_map_pakistan.pdf (1 pages)
2025-10-01 21:17:25,024 - INFO -  PDF processed: 1/1 pages, 2667 chars
2025-10-01 21:17:25,026 - INFO -  Processed: political_map_pakistan.pdf
2025-10-01 21:17:25,073 - INFO -  Processing PDF: service_statutes_2006.pdf (52 pages)
2025-10-01 21:17:25,114 - INFO -  PDF processed: 0/52 pages, 0 chars
2025-10-01 21:17:25,114 - ERROR -  Failed: service_statutes_2006.pdf
2025-10-01 21:17:25,145 - INFO -  Processing PDF: The_University_of_Sargodha_Ordinance_2002.pdf (20 pages)
2025-10-01 21:17:26,963 - INFO -  PDF processed: 20/20 pages, 74057 chars
2025-10-01 21:17:26,963 - INFO -  Processed: The_University_of_Sargodha_Ordinance_2002.pdf
2025-10-01 21:17:27,132 - INFO -  Processing PDF: UOS-Prospectus-2025.pdf (256 pages)
2025-10-01 21:17:48,090 - INFO -  PDF processed: 256/256 pages, 782324 chars
2025-10-01 21:17:48,090 - INFO -  Processed: UOS-Prospectus-2025.pdf
2025-10-01 21:17:48,090 - INFO -  Found 3 TXT files
2025-10-01 21:17:48,115 - INFO -  TXT processed: rules_academics.txt (3096 chars)
2025-10-01 21:17:48,115 - INFO -  Processed: rules_academics.txt
2025-10-01 21:17:48,132 - INFO -  TXT processed: rules_admissions.txt (3096 chars)
2025-10-01 21:17:48,132 - INFO -  Processed: rules_admissions.txt
2025-10-01 21:17:48,173 - INFO -  TXT processed: rules_Rules-and-Regulations.txt (113023 chars)
2025-10-01 21:17:48,173 - INFO -  Processed: rules_Rules-and-Regulations.txt
2025-10-01 21:17:48,173 - INFO -  Creating combined document...
2025-10-01 21:17:48,181 - INFO -  Combined document created: 1195573 characters
2025-10-01 21:17:48,198 - INFO -  Combined document saved: data\processed\university_rules_combined.txt
2025-10-01 21:17:48,228 - INFO -  Metadata saved: data\processed\processing_metadata.json
2025-10-01 21:17:48,228 - INFO - 
 PROCESSING STATISTICS
2025-10-01 21:17:48,228 - INFO - ==================================================
2025-10-01 21:17:48,228 - INFO - Total files found: 13
2025-10-01 21:17:48,228 - INFO - Successfully processed: 11
2025-10-01 21:17:48,228 - INFO - Failed to process: 2
2025-10-01 21:17:48,228 - INFO - Success rate: 84.6%
2025-10-01 21:17:48,228 - INFO - Total characters extracted: 1,189,882
2025-10-01 21:17:48,228 - INFO - Average characters per document: 108,171
2025-10-01 21:17:48,230 - WARNING - 
  PROCESSING ERRORS (2):
2025-10-01 21:17:48,230 - WARNING -   - budget.pdf: Unknown error
2025-10-01 21:17:48,230 - WARNING -   - service_statutes_2006.pdf: Unknown error
2025-10-01 21:18:24,441 - INFO -  Starting document processing...
2025-10-01 21:18:24,441 - INFO -  Found 10 PDF files
2025-10-01 21:18:24,518 - INFO -  Processing PDF: Academic-Programs-Eligibilities-and-Terminal-Degrees.pdf (46 pages)
2025-10-01 21:18:29,242 - INFO -  PDF processed: 46/46 pages, 92480 chars
2025-10-01 21:18:29,242 - INFO -  Processed: Academic-Programs-Eligibilities-and-Terminal-Degrees.pdf
2025-10-01 21:18:29,242 - INFO -  Processing PDF: budget.pdf (4 pages)
2025-10-01 21:18:29,250 - INFO -  PDF processed: 0/4 pages, 0 chars
2025-10-01 21:18:29,250 - ERROR -  Failed: budget.pdf
2025-10-01 21:18:29,262 - INFO -  Processing PDF: FeeStructure-Fall2025.pdf (8 pages)
2025-10-01 21:18:30,675 - INFO -  PDF processed: 8/8 pages, 30962 chars
2025-10-01 21:18:30,675 - INFO -  Processed: FeeStructure-Fall2025.pdf
2025-10-01 21:18:30,692 - INFO -  Processing PDF: Guidelines20for20Applicants20E2809320Admission20Fall202023202_1692578994.pdf (3 pages)
2025-10-01 21:18:30,863 - INFO -  PDF processed: 3/3 pages, 3203 chars
2025-10-01 21:18:30,863 - INFO -  Processed: Guidelines20for20Applicants20E2809320Admission20Fall202023202_1692578994.pdf
2025-10-01 21:18:30,890 - INFO -  Processing PDF: MSMScHonsMPhilPhDRules-2020.pdf (20 pages)
2025-10-01 21:18:32,395 - INFO -  PDF processed: 20/20 pages, 52524 chars
2025-10-01 21:18:32,395 - INFO -  Processed: MSMScHonsMPhilPhDRules-2020.pdf
2025-10-01 21:18:32,410 - INFO -  Processing PDF: Policy20for20Students20with20Disabilities202021-20Amended.pdf (15 pages)
2025-10-01 21:18:33,232 - INFO -  PDF processed: 15/15 pages, 32450 chars
2025-10-01 21:18:33,232 - INFO -  Processed: Policy20for20Students20with20Disabilities202021-20Amended.pdf
2025-10-01 21:18:33,242 - INFO -  Processing PDF: political_map_pakistan.pdf (1 pages)
2025-10-01 21:18:35,602 - INFO -  PDF processed: 1/1 pages, 2667 chars
2025-10-01 21:18:35,604 - INFO -  Processed: political_map_pakistan.pdf
2025-10-01 21:18:35,628 - INFO -  Processing PDF: service_statutes_2006.pdf (52 pages)
2025-10-01 21:18:35,669 - INFO -  PDF processed: 0/52 pages, 0 chars
2025-10-01 21:18:35,669 - ERROR -  Failed: service_statutes_2006.pdf
2025-10-01 21:18:35,680 - INFO -  Processing PDF: The_University_of_Sargodha_Ordinance_2002.pdf (20 pages)
2025-10-01 21:18:37,384 - INFO -  PDF processed: 20/20 pages, 74057 chars
2025-10-01 21:18:37,384 - INFO -  Processed: The_University_of_Sargodha_Ordinance_2002.pdf
2025-10-01 21:18:37,540 - INFO -  Processing PDF: UOS-Prospectus-2025.pdf (256 pages)
2025-10-01 21:18:58,601 - INFO -  PDF processed: 256/256 pages, 782324 chars
2025-10-01 21:18:58,601 - INFO -  Processed: UOS-Prospectus-2025.pdf
2025-10-01 21:18:58,601 - INFO -  Found 3 TXT files
2025-10-01 21:18:58,601 - INFO -  TXT processed: rules_academics.txt (3096 chars)
2025-10-01 21:18:58,601 - INFO -  Processed: rules_academics.txt
2025-10-01 21:18:58,601 - INFO -  TXT processed: rules_admissions.txt (3096 chars)
2025-10-01 21:18:58,601 - INFO -  Processed: rules_admissions.txt
2025-10-01 21:18:58,626 - INFO -  TXT processed: rules_Rules-and-Regulations.txt (113023 chars)
2025-10-01 21:18:58,626 - INFO -  Processed: rules_Rules-and-Regulations.txt
2025-10-01 21:18:58,626 - INFO -  Creating combined document...
2025-10-01 21:18:58,626 - INFO -  Combined document created: 1195573 characters
2025-10-01 21:18:58,643 - INFO -  Combined document saved: data\processed\university_rules_combined.txt
2025-10-01 21:18:58,678 - INFO -  Metadata saved: data\processed\processing_metadata.json
2025-10-01 21:18:58,678 - INFO - 
 PROCESSING STATISTICS
2025-10-01 21:18:58,678 - INFO - ==================================================
2025-10-01 21:18:58,678 - INFO - Total files found: 13
2025-10-01 21:18:58,678 - INFO - Successfully processed: 11
2025-10-01 21:18:58,678 - INFO - Failed to process: 2
2025-10-01 21:18:58,678 - INFO - Success rate: 84.6%
2025-10-01 21:18:58,678 - INFO - Total characters extracted: 1,189,882
2025-10-01 21:18:58,678 - INFO - Average characters per document: 108,171
2025-10-01 21:18:58,678 - WARNING - 
  PROCESSING ERRORS (2):
2025-10-01 21:18:58,678 - WARNING -   - budget.pdf: Unknown error
2025-10-01 21:18:58,678 - WARNING -   - service_statutes_2006.pdf: Unknown error
2025-10-01 22:01:24,133 - INFO -  Starting document processing...
2025-10-01 22:01:24,137 - INFO -  Found 10 PDF files
2025-10-01 22:01:24,187 - INFO -  Processing PDF: Academic-Programs-Eligibilities-and-Terminal-Degrees.pdf (46 pages)
2025-10-01 22:01:26,386 - INFO -  PDF processed: 46/46 pages, 92480 chars
2025-10-01 22:01:26,386 - INFO -  Processed: Academic-Programs-Eligibilities-and-Terminal-Degrees.pdf
2025-10-01 22:01:26,399 - INFO -  Processing PDF: budget.pdf (4 pages)
2025-10-01 22:01:26,401 - INFO -  PDF processed: 0/4 pages, 0 chars
2025-10-01 22:01:26,401 - ERROR -  Failed: budget.pdf
2025-10-01 22:01:26,416 - INFO -  Processing PDF: FeeStructure-Fall2025.pdf (8 pages)
2025-10-01 22:01:27,024 - INFO -  PDF processed: 8/8 pages, 30962 chars
2025-10-01 22:01:27,024 - INFO -  Processed: FeeStructure-Fall2025.pdf
2025-10-01 22:01:27,045 - INFO -  Processing PDF: Guidelines20for20Applicants20E2809320Admission20Fall202023202_1692578994.pdf (3 pages)
2025-10-01 22:01:27,134 - INFO -  PDF processed: 3/3 pages, 3203 chars
2025-10-01 22:01:27,134 - INFO -  Processed: Guidelines20for20Applicants20E2809320Admission20Fall202023202_1692578994.pdf
2025-10-01 22:01:27,156 - INFO -  Processing PDF: MSMScHonsMPhilPhDRules-2020.pdf (20 pages)
2025-10-01 22:01:27,808 - INFO -  PDF processed: 20/20 pages, 52524 chars
2025-10-01 22:01:27,808 - INFO -  Processed: MSMScHonsMPhilPhDRules-2020.pdf
2025-10-01 22:01:28,027 - INFO -  Processing PDF: Policy20for20Students20with20Disabilities202021-20Amended.pdf (15 pages)
2025-10-01 22:01:28,415 - INFO -  PDF processed: 15/15 pages, 32450 chars
2025-10-01 22:01:28,415 - INFO -  Processed: Policy20for20Students20with20Disabilities202021-20Amended.pdf
2025-10-01 22:01:28,433 - INFO -  Processing PDF: political_map_pakistan.pdf (1 pages)
2025-10-01 22:01:29,451 - INFO -  PDF processed: 1/1 pages, 2667 chars
2025-10-01 22:01:29,451 - INFO -  Processed: political_map_pakistan.pdf
2025-10-01 22:01:29,497 - INFO -  Processing PDF: service_statutes_2006.pdf (39 pages)
2025-10-01 22:01:29,508 - INFO -  PDF processed: 0/39 pages, 0 chars
2025-10-01 22:01:29,508 - ERROR -  Failed: service_statutes_2006.pdf
2025-10-01 22:01:29,524 - INFO -  Processing PDF: The_University_of_Sargodha_Ordinance_2002.pdf (20 pages)
2025-10-01 22:01:30,299 - INFO -  PDF processed: 20/20 pages, 74057 chars
2025-10-01 22:01:30,299 - INFO -  Processed: The_University_of_Sargodha_Ordinance_2002.pdf
2025-10-01 22:01:30,853 - ERROR -  Error reading PDF data\pdfs\UOS-Prospectus-2025.pdf: EOF marker not found
2025-10-01 22:01:30,853 - ERROR -  Failed: UOS-Prospectus-2025.pdf
2025-10-01 22:01:30,853 - INFO -  Found 3 TXT files
2025-10-01 22:01:30,866 - INFO -  TXT processed: rules_academics.txt (3096 chars)
2025-10-01 22:01:30,866 - INFO -  Processed: rules_academics.txt
2025-10-01 22:01:30,878 - INFO -  TXT processed: rules_admissions.txt (3096 chars)
2025-10-01 22:01:30,878 - INFO -  Processed: rules_admissions.txt
2025-10-01 22:01:30,903 - INFO -  TXT processed: rules_Rules-and-Regulations.txt (113023 chars)
2025-10-01 22:01:30,903 - INFO -  Processed: rules_Rules-and-Regulations.txt
2025-10-01 22:01:30,903 - INFO -  Creating combined document...
2025-10-01 22:01:30,907 - INFO -  Combined document created: 412804 characters
2025-10-01 22:01:30,911 - INFO -  Combined document saved: data\processed\university_rules_combined.txt
2025-10-01 22:01:30,921 - INFO -  Metadata saved: data\processed\processing_metadata.json
2025-10-01 22:01:30,921 - INFO - 
 PROCESSING STATISTICS
2025-10-01 22:01:30,921 - INFO - ==================================================
2025-10-01 22:01:30,921 - INFO - Total files found: 13
2025-10-01 22:01:30,921 - INFO - Successfully processed: 10
2025-10-01 22:01:30,921 - INFO - Failed to process: 3
2025-10-01 22:01:30,921 - INFO - Success rate: 76.9%
2025-10-01 22:01:30,921 - INFO - Total characters extracted: 407,558
2025-10-01 22:01:30,921 - INFO - Average characters per document: 40,755
2025-10-01 22:01:30,921 - WARNING - 
  PROCESSING ERRORS (3):
2025-10-01 22:01:30,921 - WARNING -   - budget.pdf: Unknown error
2025-10-01 22:01:30,921 - WARNING -   - service_statutes_2006.pdf: Unknown error
2025-10-01 22:01:30,921 - WARNING -   - UOS-Prospectus-2025.pdf: Error reading PDF data\pdfs\UOS-Prospectus-2025.pdf: EOF marker not found
